2016/06/22 04:47:30 [error] [exception.CHttpException.404] exception 'CHttpException' with message '系统无法找到请求的 "" 动作.' in D:\wamp\www\yii\framework\web\CController.php:483
Stack trace:
#0 D:\wamp\www\yii\framework\web\CController.php(270): CController->missingAction('')
#1 D:\wamp\www\yii\framework\web\CWebApplication.php(282): CController->run('')
#2 D:\wamp\www\yii\framework\web\CWebApplication.php(141): CWebApplication->runController('')
#3 D:\wamp\www\yii\framework\base\CApplication.php(180): CWebApplication->processRequest()
#4 D:\wamp\www\api.pay\index.php(13): CApplication->run()
#5 {main}
REQUEST_URI=/api.pay/index.php
---
2016/06/22 04:47:40 [error] [exception.CHttpException.404] exception 'CHttpException' with message '系统无法找到请求的 "" 动作.' in D:\wamp\www\yii\framework\web\CController.php:483
Stack trace:
#0 D:\wamp\www\yii\framework\web\CController.php(270): CController->missingAction('')
#1 D:\wamp\www\yii\framework\web\CWebApplication.php(282): CController->run('')
#2 D:\wamp\www\yii\framework\web\CWebApplication.php(141): CWebApplication->runController('')
#3 D:\wamp\www\yii\framework\base\CApplication.php(180): CWebApplication->processRequest()
#4 D:\wamp\www\api.pay\index.php(13): CApplication->run()
#5 {main}
REQUEST_URI=/api.pay/index.php?r=yii
---
2016/06/22 04:47:45 [error] [exception.CHttpException.404] exception 'CHttpException' with message '系统无法找到请求的 "" 动作.' in D:\wamp\www\yii\framework\web\CController.php:483
Stack trace:
#0 D:\wamp\www\yii\framework\web\CController.php(270): CController->missingAction('')
#1 D:\wamp\www\yii\framework\web\CWebApplication.php(282): CController->run('')
#2 D:\wamp\www\yii\framework\web\CWebApplication.php(141): CWebApplication->runController('')
#3 D:\wamp\www\yii\framework\base\CApplication.php(180): CWebApplication->processRequest()
#4 D:\wamp\www\api.pay\index.php(13): CApplication->run()
#5 {main}
REQUEST_URI=/api.pay/index.php?r=gii
---
