2016/06/21 11:07:45 [trace] [system.CModule] Loading "log" application component
in D:\wamp\www\api.pay\index.php (13)
2016/06/21 11:07:45 [trace] [system.CModule] Loading "db" application component
in D:\wamp\www\api.pay\index.php (13)
2016/06/21 11:07:45 [trace] [system.db.CDbConnection] Opening DB connection
in D:\wamp\www\api.pay\index.php (13)
2016/06/21 11:07:45 [trace] [system.db.CDbCommand] Executing SQL: DELETE FROM `core_log` WHERE 0=1
in D:\wamp\www\api.pay\index.php (13)
2016/06/21 11:07:45 [trace] [system.CModule] Loading "request" application component
in D:\wamp\www\api.pay\index.php (13)
2016/06/21 11:07:45 [trace] [system.CModule] Loading "session" application component
in D:\wamp\www\api.pay\protected\components\ApplicationConfigBehavior.php (28)
in D:\wamp\www\api.pay\index.php (13)
2016/06/21 11:07:45 [trace] [system.db.CDbCommand] Executing SQL: DELETE FROM `core_session` WHERE expire<:expire
in D:\wamp\www\api.pay\protected\components\ApplicationConfigBehavior.php (28)
in D:\wamp\www\api.pay\index.php (13)
2016/06/21 11:07:45 [trace] [system.db.CDbCommand] Querying SQL: SELECT `data`
FROM `core_session`
WHERE expire>:expire AND id=:id
in D:\wamp\www\api.pay\protected\components\ApplicationConfigBehavior.php (28)
in D:\wamp\www\api.pay\index.php (13)
2016/06/21 11:07:45 [trace] [system.CModule] Loading "user" application component
in D:\wamp\www\api.pay\protected\components\ApplicationConfigBehavior.php (32)
in D:\wamp\www\api.pay\index.php (13)
2016/06/21 11:07:45 [trace] [system.CModule] Loading "urlManager" application component
in D:\wamp\www\api.pay\index.php (13)
2016/06/21 11:07:45 [trace] [system.db.CDbCommand] Querying SQL: SELECT `id`
FROM `core_session`
WHERE id=:id
2016/06/21 11:07:45 [trace] [system.db.CDbCommand] Executing SQL: INSERT INTO `core_session` (`id`, `data`, `expire`) VALUES (:id, :data, :expire)
2016/06/22 04:47:30 [trace] [system.CModule] Loading "log" application component
in D:\wamp\www\api.pay\index.php (13)
2016/06/22 04:47:30 [trace] [system.CModule] Loading "db" application component
in D:\wamp\www\api.pay\index.php (13)
2016/06/22 04:47:30 [trace] [system.db.CDbConnection] Opening DB connection
in D:\wamp\www\api.pay\index.php (13)
2016/06/22 04:47:30 [trace] [system.db.CDbCommand] Executing SQL: DELETE FROM `core_log` WHERE 0=1
in D:\wamp\www\api.pay\index.php (13)
2016/06/22 04:47:30 [trace] [system.CModule] Loading "request" application component
in D:\wamp\www\api.pay\index.php (13)
2016/06/22 04:47:30 [trace] [system.CModule] Loading "session" application component
in D:\wamp\www\api.pay\protected\components\ApplicationConfigBehavior.php (28)
in D:\wamp\www\api.pay\index.php (13)
2016/06/22 04:47:30 [trace] [system.db.CDbCommand] Executing SQL: DELETE FROM `core_session` WHERE expire<:expire
in D:\wamp\www\api.pay\protected\components\ApplicationConfigBehavior.php (28)
in D:\wamp\www\api.pay\index.php (13)
2016/06/22 04:47:30 [trace] [system.db.CDbCommand] Querying SQL: SELECT `data`
FROM `core_session`
WHERE expire>:expire AND id=:id
in D:\wamp\www\api.pay\protected\components\ApplicationConfigBehavior.php (28)
in D:\wamp\www\api.pay\index.php (13)
2016/06/22 04:47:30 [trace] [system.CModule] Loading "user" application component
in D:\wamp\www\api.pay\protected\components\ApplicationConfigBehavior.php (32)
in D:\wamp\www\api.pay\index.php (13)
2016/06/22 04:47:30 [trace] [system.CModule] Loading "urlManager" application component
in D:\wamp\www\api.pay\index.php (13)
2016/06/22 04:47:30 [trace] [system.CModule] Loading "coreMessages" application component
in D:\wamp\www\api.pay\index.php (13)
2016/06/22 04:47:30 [trace] [system.CModule] Loading "errorHandler" application component
2016/06/22 04:47:30 [trace] [system.db.CDbCommand] Executing SQL: INSERT INTO `core_log` (`level`, `category`, `logtime`, `message`) VALUES (:level, :category, :logtime, :message)
2016/06/22 04:47:39 [trace] [system.CModule] Loading "log" application component
in D:\wamp\www\api.pay\index.php (13)
2016/06/22 04:47:39 [trace] [system.CModule] Loading "db" application component
in D:\wamp\www\api.pay\index.php (13)
2016/06/22 04:47:39 [trace] [system.db.CDbConnection] Opening DB connection
in D:\wamp\www\api.pay\index.php (13)
2016/06/22 04:47:39 [trace] [system.db.CDbCommand] Executing SQL: DELETE FROM `core_log` WHERE 0=1
in D:\wamp\www\api.pay\index.php (13)
2016/06/22 04:47:39 [trace] [system.CModule] Loading "request" application component
in D:\wamp\www\api.pay\index.php (13)
2016/06/22 04:47:39 [trace] [system.CModule] Loading "session" application component
in D:\wamp\www\api.pay\protected\components\ApplicationConfigBehavior.php (28)
in D:\wamp\www\api.pay\index.php (13)
2016/06/22 04:47:39 [trace] [system.db.CDbCommand] Executing SQL: DELETE FROM `core_session` WHERE expire<:expire
in D:\wamp\www\api.pay\protected\components\ApplicationConfigBehavior.php (28)
in D:\wamp\www\api.pay\index.php (13)
2016/06/22 04:47:40 [trace] [system.db.CDbCommand] Querying SQL: SELECT `data`
FROM `core_session`
WHERE expire>:expire AND id=:id
in D:\wamp\www\api.pay\protected\components\ApplicationConfigBehavior.php (28)
in D:\wamp\www\api.pay\index.php (13)
2016/06/22 04:47:40 [trace] [system.CModule] Loading "user" application component
in D:\wamp\www\api.pay\protected\components\ApplicationConfigBehavior.php (32)
in D:\wamp\www\api.pay\index.php (13)
2016/06/22 04:47:40 [trace] [system.CModule] Loading "urlManager" application component
in D:\wamp\www\api.pay\index.php (13)
2016/06/22 04:47:40 [trace] [system.CModule] Loading "coreMessages" application component
in D:\wamp\www\api.pay\index.php (13)
2016/06/22 04:47:40 [trace] [system.CModule] Loading "errorHandler" application component
2016/06/22 04:47:40 [trace] [system.db.CDbCommand] Executing SQL: INSERT INTO `core_log` (`level`, `category`, `logtime`, `message`) VALUES (:level, :category, :logtime, :message)
2016/06/22 04:47:45 [trace] [system.CModule] Loading "log" application component
in D:\wamp\www\api.pay\index.php (13)
2016/06/22 04:47:45 [trace] [system.CModule] Loading "db" application component
in D:\wamp\www\api.pay\index.php (13)
2016/06/22 04:47:45 [trace] [system.db.CDbConnection] Opening DB connection
in D:\wamp\www\api.pay\index.php (13)
2016/06/22 04:47:45 [trace] [system.db.CDbCommand] Executing SQL: DELETE FROM `core_log` WHERE 0=1
in D:\wamp\www\api.pay\index.php (13)
2016/06/22 04:47:45 [trace] [system.CModule] Loading "request" application component
in D:\wamp\www\api.pay\index.php (13)
2016/06/22 04:47:45 [trace] [system.CModule] Loading "session" application component
in D:\wamp\www\api.pay\protected\components\ApplicationConfigBehavior.php (28)
in D:\wamp\www\api.pay\index.php (13)
2016/06/22 04:47:45 [trace] [system.db.CDbCommand] Executing SQL: DELETE FROM `core_session` WHERE expire<:expire
in D:\wamp\www\api.pay\protected\components\ApplicationConfigBehavior.php (28)
in D:\wamp\www\api.pay\index.php (13)
2016/06/22 04:47:45 [trace] [system.db.CDbCommand] Querying SQL: SELECT `data`
FROM `core_session`
WHERE expire>:expire AND id=:id
in D:\wamp\www\api.pay\protected\components\ApplicationConfigBehavior.php (28)
in D:\wamp\www\api.pay\index.php (13)
2016/06/22 04:47:45 [trace] [system.CModule] Loading "user" application component
in D:\wamp\www\api.pay\protected\components\ApplicationConfigBehavior.php (32)
in D:\wamp\www\api.pay\index.php (13)
2016/06/22 04:47:45 [trace] [system.CModule] Loading "urlManager" application component
in D:\wamp\www\api.pay\index.php (13)
2016/06/22 04:47:45 [trace] [system.CModule] Loading "coreMessages" application component
in D:\wamp\www\api.pay\index.php (13)
2016/06/22 04:47:45 [trace] [system.CModule] Loading "errorHandler" application component
2016/06/22 04:47:45 [trace] [system.db.CDbCommand] Executing SQL: INSERT INTO `core_log` (`level`, `category`, `logtime`, `message`) VALUES (:level, :category, :logtime, :message)
2016/06/22 09:19:22 [trace] [system.CModule] Loading "log" application component
in D:\wamp\www\api.pay\index.php (13)
2016/06/22 09:19:22 [trace] [system.CModule] Loading "db" application component
in D:\wamp\www\api.pay\index.php (13)
2016/06/22 09:19:22 [trace] [system.db.CDbConnection] Opening DB connection
in D:\wamp\www\api.pay\index.php (13)
2016/06/22 09:19:22 [trace] [system.db.CDbCommand] Executing SQL: DELETE FROM `core_log` WHERE 0=1
in D:\wamp\www\api.pay\index.php (13)
2016/06/22 09:19:22 [trace] [system.CModule] Loading "request" application component
in D:\wamp\www\api.pay\index.php (13)
2016/06/22 09:19:22 [trace] [system.CModule] Loading "session" application component
in D:\wamp\www\api.pay\protected\components\ApplicationConfigBehavior.php (28)
in D:\wamp\www\api.pay\index.php (13)
2016/06/22 09:19:22 [trace] [system.db.CDbCommand] Executing SQL: DELETE FROM `core_session` WHERE expire<:expire
in D:\wamp\www\api.pay\protected\components\ApplicationConfigBehavior.php (28)
in D:\wamp\www\api.pay\index.php (13)
2016/06/22 09:19:22 [trace] [system.db.CDbCommand] Querying SQL: SELECT `data`
FROM `core_session`
WHERE expire>:expire AND id=:id
in D:\wamp\www\api.pay\protected\components\ApplicationConfigBehavior.php (28)
in D:\wamp\www\api.pay\index.php (13)
2016/06/22 09:19:22 [trace] [system.CModule] Loading "user" application component
in D:\wamp\www\api.pay\protected\components\ApplicationConfigBehavior.php (32)
in D:\wamp\www\api.pay\index.php (13)
2016/06/22 09:19:22 [trace] [system.CModule] Loading "urlManager" application component
in D:\wamp\www\api.pay\index.php (13)
